sample.interval=20000
"summaryRprof" 
"summaryRprof" 
"summaryRprof" 
"summaryRprof" 
"summaryRprof" 
"summaryRprof" 
"summaryRprof" 
"summaryRprof" 
"summaryRprof" 
"summaryRprof" 
"summaryRprof" 
"summaryRprof" 
"FUN" "lapply" "summaryRprof" 
"FUN" "lapply" "summaryRprof" 
"summaryRprof" 
"summaryRprof" 
"summaryRprof" 
"summaryRprof" 
"summaryRprof" 
"summaryRprof" 
"summaryRprof" 
"summaryRprof" 
"summaryRprof" 
"summaryRprof" 
"summaryRprof" 
"summaryRprof" 
"summaryRprof" 
"summaryRprof" 
"FUN" "lapply" "summaryRprof" 
"table" "summaryRprof" 
"summaryRprof" 
"summaryRprof" 
"summaryRprof" 
"summaryRprof" 
"summaryRprof" 
"summaryRprof" 
"summaryRprof" 
"summaryRprof" 
"FUN" "lapply" "summaryRprof" 
"FUN" "lapply" "summaryRprof" 
"print" "print.data.frame" "<Anonymous>" 
"print" "print.data.frame" "<Anonymous>" 
"length" "Ops.numeric_version" ">=" "doTryCatch" "tryCatchOne" "tryCatchList" "tryCatch" "base::try" 
"as.POSIXct" "difftime" ".rs.availablePackagesState" ".rs.availablePackages" "<Anonymous>" 
".rs.discoverPackageDependencies" "<Anonymous>" 
".rs.discoverPackageDependencies" "<Anonymous>" 
"conditionCall.condition" "conditionCall" "value[[3]]" "tryCatchOne" "tryCatchList" "tryCatch" "base::try" "withCallingHandlers" "base::suppressWarnings" 
"withCallingHandlers" "base::suppressWarnings" 
"base::try" "withCallingHandlers" "base::suppressWarnings" 
"grepl" "URLencode" "sprintf" "FUN" "vapply" ".rs.onAvailablePackagesStale" ".rs.availablePackages" "<Anonymous>" 
".rs.availablePackages" "<Anonymous>" 
"available.packages" ".rs.onAvailablePackagesStale" ".rs.availablePackages" "<Anonymous>" 
"available.packages" ".rs.onAvailablePackagesStale" ".rs.availablePackages" "<Anonymous>" 
"available.packages" ".rs.onAvailablePackagesStale" ".rs.availablePackages" "<Anonymous>" 
"available.packages" ".rs.onAvailablePackagesStale" ".rs.availablePackages" "<Anonymous>" 
"available.packages" ".rs.onAvailablePackagesStale" ".rs.availablePackages" "<Anonymous>" 
"available.packages" ".rs.onAvailablePackagesStale" ".rs.availablePackages" "<Anonymous>" 
"available.packages" ".rs.onAvailablePackagesStale" ".rs.availablePackages" "<Anonymous>" 
"available.packages" ".rs.onAvailablePackagesStale" ".rs.availablePackages" "<Anonymous>" 
"available.packages" ".rs.onAvailablePackagesStale" ".rs.availablePackages" "<Anonymous>" 
"available.packages" ".rs.onAvailablePackagesStale" ".rs.availablePackages" "<Anonymous>" 
"available.packages" ".rs.onAvailablePackagesStale" ".rs.availablePackages" "<Anonymous>" 
"available.packages" ".rs.onAvailablePackagesStale" ".rs.availablePackages" "<Anonymous>" 
"available.packages" ".rs.onAvailablePackagesStale" ".rs.availablePackages" "<Anonymous>" 
"available.packages" ".rs.onAvailablePackagesStale" ".rs.availablePackages" "<Anonymous>" 
"available.packages" ".rs.onAvailablePackagesStale" ".rs.availablePackages" "<Anonymous>" 
"available.packages" ".rs.onAvailablePackagesStale" ".rs.availablePackages" "<Anonymous>" 
"available.packages" ".rs.onAvailablePackagesStale" ".rs.availablePackages" "<Anonymous>" 
"available.packages" ".rs.onAvailablePackagesStale" ".rs.availablePackages" "<Anonymous>" 
"available.packages" ".rs.onAvailablePackagesStale" ".rs.availablePackages" "<Anonymous>" 
"available.packages" ".rs.onAvailablePackagesStale" ".rs.availablePackages" "<Anonymous>" 
"available.packages" ".rs.onAvailablePackagesStale" ".rs.availablePackages" "<Anonymous>" 
"available.packages" ".rs.onAvailablePackagesStale" ".rs.availablePackages" "<Anonymous>" 
"available.packages" ".rs.onAvailablePackagesStale" ".rs.availablePackages" "<Anonymous>" 
"available.packages" ".rs.onAvailablePackagesStale" ".rs.availablePackages" "<Anonymous>" 
"available.packages" ".rs.onAvailablePackagesStale" ".rs.availablePackages" "<Anonymous>" 
"available.packages" ".rs.onAvailablePackagesStale" ".rs.availablePackages" "<Anonymous>" 
"available.packages" ".rs.onAvailablePackagesStale" ".rs.availablePackages" "<Anonymous>" 
"available.packages" ".rs.onAvailablePackagesStale" ".rs.availablePackages" "<Anonymous>" 
"available.packages" ".rs.onAvailablePackagesStale" ".rs.availablePackages" "<Anonymous>" 
"available.packages" ".rs.onAvailablePackagesStale" ".rs.availablePackages" "<Anonymous>" 
"available.packages" ".rs.onAvailablePackagesStale" ".rs.availablePackages" "<Anonymous>" 
"available.packages" ".rs.onAvailablePackagesStale" ".rs.availablePackages" "<Anonymous>" 
"strsplit" "lapply" "f" "available.packages" ".rs.onAvailablePackagesStale" ".rs.availablePackages" "<Anonymous>" 
"lapply" "f" "available.packages" ".rs.onAvailablePackagesStale" ".rs.availablePackages" "<Anonymous>" 
"lapply" "f" "available.packages" ".rs.onAvailablePackagesStale" ".rs.availablePackages" "<Anonymous>" 
"lapply" "f" "available.packages" ".rs.onAvailablePackagesStale" ".rs.availablePackages" "<Anonymous>" 
"lapply" "f" "available.packages" ".rs.onAvailablePackagesStale" ".rs.availablePackages" "<Anonymous>" 
"lapply" "f" "available.packages" ".rs.onAvailablePackagesStale" ".rs.availablePackages" "<Anonymous>" 
"lapply" "f" "available.packages" ".rs.onAvailablePackagesStale" ".rs.availablePackages" "<Anonymous>" 
"lapply" "f" "available.packages" ".rs.onAvailablePackagesStale" ".rs.availablePackages" "<Anonymous>" 
"FUN" "lapply" "f" "available.packages" ".rs.onAvailablePackagesStale" ".rs.availablePackages" "<Anonymous>" 
"FUN" "lapply" "f" "available.packages" ".rs.onAvailablePackagesStale" ".rs.availablePackages" "<Anonymous>" 
"FUN" "lapply" "f" "available.packages" ".rs.onAvailablePackagesStale" ".rs.availablePackages" "<Anonymous>" 
"FUN" "lapply" "f" "available.packages" ".rs.onAvailablePackagesStale" ".rs.availablePackages" "<Anonymous>" 
"FUN" "lapply" "f" "available.packages" ".rs.onAvailablePackagesStale" ".rs.availablePackages" "<Anonymous>" 
"FUN" "lapply" "f" "available.packages" ".rs.onAvailablePackagesStale" ".rs.availablePackages" "<Anonymous>" 
"FUN" "lapply" "f" "available.packages" ".rs.onAvailablePackagesStale" ".rs.availablePackages" "<Anonymous>" 
"FUN" "lapply" "f" "available.packages" ".rs.onAvailablePackagesStale" ".rs.availablePackages" "<Anonymous>" 
"FUN" "lapply" "f" "available.packages" ".rs.onAvailablePackagesStale" ".rs.availablePackages" "<Anonymous>" 
"FUN" "lapply" "f" "available.packages" ".rs.onAvailablePackagesStale" ".rs.availablePackages" "<Anonymous>" 
"FUN" "lapply" "f" "available.packages" ".rs.onAvailablePackagesStale" ".rs.availablePackages" "<Anonymous>" 
"FUN" "lapply" "f" "available.packages" ".rs.onAvailablePackagesStale" ".rs.availablePackages" "<Anonymous>" 
"FUN" "lapply" "f" "available.packages" ".rs.onAvailablePackagesStale" ".rs.availablePackages" "<Anonymous>" 
"FUN" "lapply" "f" "available.packages" ".rs.onAvailablePackagesStale" ".rs.availablePackages" "<Anonymous>" 
"FUN" "lapply" "f" "available.packages" ".rs.onAvailablePackagesStale" ".rs.availablePackages" "<Anonymous>" 
"FUN" "lapply" "f" "available.packages" ".rs.onAvailablePackagesStale" ".rs.availablePackages" "<Anonymous>" 
"FUN" "lapply" "f" "available.packages" ".rs.onAvailablePackagesStale" ".rs.availablePackages" "<Anonymous>" 
"FUN" "lapply" "f" "available.packages" ".rs.onAvailablePackagesStale" ".rs.availablePackages" "<Anonymous>" 
"FUN" "lapply" "f" "available.packages" ".rs.onAvailablePackagesStale" ".rs.availablePackages" "<Anonymous>" 
"lapply" "f" "available.packages" ".rs.onAvailablePackagesStale" ".rs.availablePackages" "<Anonymous>" 
"lapply" "f" "available.packages" ".rs.onAvailablePackagesStale" ".rs.availablePackages" "<Anonymous>" 
"f" "available.packages" ".rs.onAvailablePackagesStale" ".rs.availablePackages" "<Anonymous>" 
"lapply" "f" "available.packages" ".rs.onAvailablePackagesStale" ".rs.availablePackages" "<Anonymous>" 
"lapply" "f" "available.packages" ".rs.onAvailablePackagesStale" ".rs.availablePackages" "<Anonymous>" 
"lapply" "f" "available.packages" ".rs.onAvailablePackagesStale" ".rs.availablePackages" "<Anonymous>" 
"lapply" "f" "available.packages" ".rs.onAvailablePackagesStale" ".rs.availablePackages" "<Anonymous>" 
"f" "available.packages" ".rs.onAvailablePackagesStale" ".rs.availablePackages" "<Anonymous>" 
"FUN" "lapply" "f" "available.packages" ".rs.onAvailablePackagesStale" ".rs.availablePackages" "<Anonymous>" 
"f" "available.packages" ".rs.onAvailablePackagesStale" ".rs.availablePackages" "<Anonymous>" 
"FUN" "lapply" "f" "available.packages" ".rs.onAvailablePackagesStale" ".rs.availablePackages" "<Anonymous>" 
"lapply" "f" "available.packages" ".rs.onAvailablePackagesStale" ".rs.availablePackages" "<Anonymous>" 
"f" "available.packages" ".rs.onAvailablePackagesStale" ".rs.availablePackages" "<Anonymous>" 
"lapply" "f" "available.packages" ".rs.onAvailablePackagesStale" ".rs.availablePackages" "<Anonymous>" 
"FUN" "lapply" "f" "available.packages" ".rs.onAvailablePackagesStale" ".rs.availablePackages" "<Anonymous>" 
"f" "available.packages" ".rs.onAvailablePackagesStale" ".rs.availablePackages" "<Anonymous>" 
"FUN" "lapply" "f" "available.packages" ".rs.onAvailablePackagesStale" ".rs.availablePackages" "<Anonymous>" 
"lapply" "f" "available.packages" ".rs.onAvailablePackagesStale" ".rs.availablePackages" "<Anonymous>" 
"FUN" "lapply" "f" "available.packages" ".rs.onAvailablePackagesStale" ".rs.availablePackages" "<Anonymous>" 
"lapply" "f" "available.packages" ".rs.onAvailablePackagesStale" ".rs.availablePackages" "<Anonymous>" 
"lapply" "f" "available.packages" ".rs.onAvailablePackagesStale" ".rs.availablePackages" "<Anonymous>" 
"lapply" "f" "available.packages" ".rs.onAvailablePackagesStale" ".rs.availablePackages" "<Anonymous>" 
"FUN" "lapply" "f" "available.packages" ".rs.onAvailablePackagesStale" ".rs.availablePackages" "<Anonymous>" 
"lapply" "f" "available.packages" ".rs.onAvailablePackagesStale" ".rs.availablePackages" "<Anonymous>" 
"FUN" "lapply" "f" "available.packages" ".rs.onAvailablePackagesStale" ".rs.availablePackages" "<Anonymous>" 
"lapply" "f" "available.packages" ".rs.onAvailablePackagesStale" ".rs.availablePackages" "<Anonymous>" 
"FUN" "lapply" "f" "available.packages" ".rs.onAvailablePackagesStale" ".rs.availablePackages" "<Anonymous>" 
"f" "available.packages" ".rs.onAvailablePackagesStale" ".rs.availablePackages" "<Anonymous>" 
"f" "available.packages" ".rs.onAvailablePackagesStale" ".rs.availablePackages" "<Anonymous>" 
"split" "f" "available.packages" ".rs.onAvailablePackagesStale" ".rs.availablePackages" "<Anonymous>" 
"lapply" ".make_numeric_version" "numeric_version" "as.numeric_version" "Ops.numeric_version" ">=" "do.call" "f" "available.packages" ".rs.onAvailablePackagesStale" ".rs.availablePackages" "<Anonymous>" 
"lapply" ".make_numeric_version" "numeric_version" "as.numeric_version" "Ops.numeric_version" ">=" "do.call" "f" "available.packages" ".rs.onAvailablePackagesStale" ".rs.availablePackages" "<Anonymous>" 
".make_numeric_version" "numeric_version" "as.numeric_version" "Ops.numeric_version" ">=" "do.call" "f" "available.packages" ".rs.onAvailablePackagesStale" ".rs.availablePackages" "<Anonymous>" 
".encode_numeric_version" "split" "Ops.numeric_version" ">=" "do.call" "f" "available.packages" ".rs.onAvailablePackagesStale" ".rs.availablePackages" "<Anonymous>" 
".encode_numeric_version" "split" "Ops.numeric_version" ">=" "do.call" "f" "available.packages" ".rs.onAvailablePackagesStale" ".rs.availablePackages" "<Anonymous>" 
"lapply" ".encode_numeric_version" "split" "Ops.numeric_version" ">=" "do.call" "f" "available.packages" ".rs.onAvailablePackagesStale" ".rs.availablePackages" "<Anonymous>" 
"lapply" ".encode_numeric_version" "split" "Ops.numeric_version" ">=" "do.call" "f" "available.packages" ".rs.onAvailablePackagesStale" ".rs.availablePackages" "<Anonymous>" 
".encode_numeric_version" "split" "Ops.numeric_version" ">=" "do.call" "f" "available.packages" ".rs.onAvailablePackagesStale" ".rs.availablePackages" "<Anonymous>" 
".encode_numeric_version" "split" "Ops.numeric_version" ">=" "do.call" "f" "available.packages" ".rs.onAvailablePackagesStale" ".rs.availablePackages" "<Anonymous>" 
".encode_numeric_version" "split" "Ops.numeric_version" ">=" "do.call" "f" "available.packages" ".rs.onAvailablePackagesStale" ".rs.availablePackages" "<Anonymous>" 
"vapply" ".encode_numeric_version" "split" "Ops.numeric_version" ">=" "do.call" "f" "available.packages" ".rs.onAvailablePackagesStale" ".rs.availablePackages" "<Anonymous>" 
"paste" "FUN" "vapply" ".encode_numeric_version" "split" "Ops.numeric_version" ">=" "do.call" "f" "available.packages" ".rs.onAvailablePackagesStale" ".rs.availablePackages" "<Anonymous>" 
"paste" "FUN" "vapply" ".encode_numeric_version" "split" "Ops.numeric_version" ">=" "do.call" "f" "available.packages" ".rs.onAvailablePackagesStale" ".rs.availablePackages" "<Anonymous>" 
"FUN" "vapply" ".encode_numeric_version" "split" "Ops.numeric_version" ">=" "do.call" "f" "available.packages" ".rs.onAvailablePackagesStale" ".rs.availablePackages" "<Anonymous>" 
"strlpad" "paste" "FUN" "vapply" ".encode_numeric_version" "split" "Ops.numeric_version" ">=" "do.call" "f" "available.packages" ".rs.onAvailablePackagesStale" ".rs.availablePackages" "<Anonymous>" 
"FUN" "vapply" ".encode_numeric_version" "split" "Ops.numeric_version" ">=" "do.call" "f" "available.packages" ".rs.onAvailablePackagesStale" ".rs.availablePackages" "<Anonymous>" 
"vapply" ".encode_numeric_version" "split" "Ops.numeric_version" ">=" "do.call" "f" "available.packages" ".rs.onAvailablePackagesStale" ".rs.availablePackages" "<Anonymous>" 
"FUN" "vapply" ".encode_numeric_version" "split" "Ops.numeric_version" ">=" "do.call" "f" "available.packages" ".rs.onAvailablePackagesStale" ".rs.availablePackages" "<Anonymous>" 
"strlpad" "paste" "FUN" "vapply" ".encode_numeric_version" "split" "Ops.numeric_version" ">=" "do.call" "f" "available.packages" ".rs.onAvailablePackagesStale" ".rs.availablePackages" "<Anonymous>" 
"paste" "FUN" "vapply" ".encode_numeric_version" "split" "Ops.numeric_version" ">=" "do.call" "f" "available.packages" ".rs.onAvailablePackagesStale" ".rs.availablePackages" "<Anonymous>" 
"FUN" "vapply" ".encode_numeric_version" "split" "Ops.numeric_version" ">=" "do.call" "f" "available.packages" ".rs.onAvailablePackagesStale" ".rs.availablePackages" "<Anonymous>" 
"FUN" "vapply" ".encode_numeric_version" "split" "Ops.numeric_version" ">=" "do.call" "f" "available.packages" ".rs.onAvailablePackagesStale" ".rs.availablePackages" "<Anonymous>" 
"paste" "FUN" "vapply" ".encode_numeric_version" "split" "Ops.numeric_version" ">=" "do.call" "f" "available.packages" ".rs.onAvailablePackagesStale" ".rs.availablePackages" "<Anonymous>" 
"vapply" ".encode_numeric_version" "split" "Ops.numeric_version" ">=" "do.call" "f" "available.packages" ".rs.onAvailablePackagesStale" ".rs.availablePackages" "<Anonymous>" 
".encode_numeric_version" "split" "Ops.numeric_version" ">=" "do.call" "f" "available.packages" ".rs.onAvailablePackagesStale" ".rs.availablePackages" "<Anonymous>" 
"strlpad" "paste" "FUN" "vapply" ".encode_numeric_version" "split" "Ops.numeric_version" ">=" "do.call" "f" "available.packages" ".rs.onAvailablePackagesStale" ".rs.availablePackages" "<Anonymous>" 
"paste0" "strlpad" "paste" "FUN" "vapply" ".encode_numeric_version" "split" "Ops.numeric_version" ">=" "do.call" "f" "available.packages" ".rs.onAvailablePackagesStale" ".rs.availablePackages" "<Anonymous>" 
"paste0" "strlpad" "paste" "FUN" "vapply" ".encode_numeric_version" "split" "Ops.numeric_version" ">=" "do.call" "f" "available.packages" ".rs.onAvailablePackagesStale" ".rs.availablePackages" "<Anonymous>" 
".encode_numeric_version" "split" "Ops.numeric_version" ">=" "do.call" "f" "available.packages" ".rs.onAvailablePackagesStale" ".rs.availablePackages" "<Anonymous>" 
"FUN" "vapply" ".encode_numeric_version" "split" "Ops.numeric_version" ">=" "do.call" "f" "available.packages" ".rs.onAvailablePackagesStale" ".rs.availablePackages" "<Anonymous>" 
"isTRUE" "paste" "FUN" "vapply" ".encode_numeric_version" "split" "Ops.numeric_version" ">=" "do.call" "f" "available.packages" ".rs.onAvailablePackagesStale" ".rs.availablePackages" "<Anonymous>" 
"Ops.numeric_version" ">=" "do.call" "f" "available.packages" ".rs.onAvailablePackagesStale" ".rs.availablePackages" "<Anonymous>" 
"sapply" "f" "available.packages" ".rs.onAvailablePackagesStale" ".rs.availablePackages" "<Anonymous>" 
"lapply" "sapply" "f" "available.packages" ".rs.onAvailablePackagesStale" ".rs.availablePackages" "<Anonymous>" 
"tools:::.remove_stale_dups" "f" "available.packages" ".rs.onAvailablePackagesStale" ".rs.availablePackages" "<Anonymous>" 
".rs.runAsyncRProcess" ".rs.onAvailablePackagesStale" ".rs.availablePackages" "<Anonymous>" 
"unlist" "srcfilecopy" "parse" "withCallingHandlers" "doTryCatch" "tryCatchOne" "tryCatchList" "tryCatch" ".rs.tryCatch" ".rs.parsePackageDependencies" ".rs.discoverPackageDependencies" "<Anonymous>" 
".rs.recursiveWalk" ".rs.recursiveWalk" ".rs.recursiveWalk" ".rs.recursiveWalk" ".rs.recursiveWalk" ".rs.recursiveWalk" ".rs.recursiveWalk" ".rs.recursiveWalk" ".rs.recursiveWalk" ".rs.recursiveWalk" ".rs.recursiveWalk" ".rs.recursiveWalk" ".rs.recursiveWalk" ".rs.parsePackageDependencies" ".rs.discoverPackageDependencies" "<Anonymous>" 
"withCallingHandlers" "doTryCatch" "tryCatchOne" "tryCatchList" "tryCatch" ".rs.tryCatch" ".rs.onAvailablePackagesReady" "<Anonymous>" 
"withCallingHandlers" "doTryCatch" "tryCatchOne" "tryCatchList" "tryCatch" ".rs.tryCatch" ".rs.onAvailablePackagesReady" "<Anonymous>" 
"withCallingHandlers" "doTryCatch" "tryCatchOne" "tryCatchList" "tryCatch" ".rs.tryCatch" ".rs.onAvailablePackagesReady" "<Anonymous>" 
"withCallingHandlers" "doTryCatch" "tryCatchOne" "tryCatchList" "tryCatch" ".rs.tryCatch" ".rs.onAvailablePackagesReady" "<Anonymous>" 
"withCallingHandlers" "doTryCatch" "tryCatchOne" "tryCatchList" "tryCatch" ".rs.tryCatch" ".rs.onAvailablePackagesReady" "<Anonymous>" 
"withCallingHandlers" "doTryCatch" "tryCatchOne" "tryCatchList" "tryCatch" ".rs.tryCatch" ".rs.onAvailablePackagesReady" "<Anonymous>" 
"withCallingHandlers" "doTryCatch" "tryCatchOne" "tryCatchList" "tryCatch" ".rs.tryCatch" ".rs.onAvailablePackagesReady" "<Anonymous>" 
"withCallingHandlers" "doTryCatch" "tryCatchOne" "tryCatchList" "tryCatch" ".rs.tryCatch" ".rs.onAvailablePackagesReady" "<Anonymous>" 
"withCallingHandlers" "doTryCatch" "tryCatchOne" "tryCatchList" "tryCatch" ".rs.tryCatch" ".rs.onAvailablePackagesReady" "<Anonymous>" 
"withCallingHandlers" "doTryCatch" "tryCatchOne" "tryCatchList" "tryCatch" ".rs.tryCatch" ".rs.onAvailablePackagesReady" "<Anonymous>" 
".rs.enqueClientEvent" "<Anonymous>" 
".rs.enqueClientEvent" "<Anonymous>" 
"fn" ".rs.recursiveWalk" ".rs.recursiveWalk" ".rs.recursiveWalk" ".rs.recursiveWalk" ".rs.recursiveWalk" ".rs.recursiveWalk" ".rs.recursiveWalk" ".rs.recursiveWalk" ".rs.recursiveWalk" ".rs.recursiveWalk" ".rs.parsePackageDependencies" ".rs.discoverPackageDependencies" "<Anonymous>" 
"::" "withCallingHandlers" "base::suppressWarnings" 
"<Anonymous>" 
"<Anonymous>" 
".rs.finishExpression" "parse" "doTryCatch" "tryCatchOne" "tryCatchList" "tryCatch" "<Anonymous>" 
"parse" "doTryCatch" "tryCatchOne" "tryCatchList" "tryCatch" "<Anonymous>" 
".rs.makeCompletions" ".rs.emptyCompletions" "<Anonymous>" 
"doTryCatch" "tryCatchOne" "tryCatchList" "tryCatch" ".rs.tryCatch" ".rs.resolveObjectFromFunctionCall" ".rs.getCompletionsFunction" ".rs.appendCompletions" ".rs.getRCompletions" ".rs.appendCompletions" "<Anonymous>" 
"lapply" ".rs.objectsOnSearchPath" ".rs.getCompletionsSearchPath" "Reduce" "<Anonymous>" 
"FUN" "lapply" ".rs.objectsOnSearchPath" ".rs.getCompletionsSearchPath" "Reduce" "<Anonymous>" 
"FUN" "lapply" ".rs.objectsOnSearchPath" ".rs.getCompletionsSearchPath" "Reduce" "<Anonymous>" 
"FUN" "lapply" ".rs.objectsOnSearchPath" ".rs.getCompletionsSearchPath" "Reduce" "<Anonymous>" 
"FUN" "lapply" ".rs.objectsOnSearchPath" ".rs.getCompletionsSearchPath" "Reduce" "<Anonymous>" 
"FUN" "lapply" ".rs.objectsOnSearchPath" ".rs.getCompletionsSearchPath" "Reduce" "<Anonymous>" 
"FUN" "lapply" ".rs.objectsOnSearchPath" ".rs.getCompletionsSearchPath" "Reduce" "<Anonymous>" 
"FUN" "lapply" ".rs.objectsOnSearchPath" ".rs.getCompletionsSearchPath" "Reduce" "<Anonymous>" 
".rs.fuzzyMatches" ".rs.getCompletionsSearchPath" "Reduce" "<Anonymous>" 
".rs.fuzzyMatches" ".rs.getCompletionsSearchPath" "Reduce" "<Anonymous>" 
"nchar" ".rs.startsWith" ".rs.fuzzyMatches" ".rs.getCompletionsSearchPath" "Reduce" "<Anonymous>" 
".rs.startsWith" ".rs.fuzzyMatches" ".rs.getCompletionsSearchPath" "Reduce" "<Anonymous>" 
".rs.listInferredPackages" ".rs.getCompletionsLibraryContext" ".rs.appendCompletions" ".rs.getRCompletions" ".rs.appendCompletions" "<Anonymous>" 
"FUN" "lapply" ".rs.objectsOnSearchPath" ".rs.getCompletionsSearchPath" "Reduce" "<Anonymous>" 
".rs.startsWith" ".rs.fuzzyMatches" ".rs.getCompletionsSearchPath" "Reduce" "<Anonymous>" 
".rs.objectsOnSearchPath" ".rs.getCompletionsSearchPath" "Reduce" "<Anonymous>" 
".rs.startsWith" ".rs.fuzzyMatches" ".rs.getCompletionsSearchPath" "Reduce" "<Anonymous>" 
".rs.startsWith" ".rs.fuzzyMatches" ".rs.getCompletionsSearchPath" "Reduce" "<Anonymous>" 
".rs.listIndexedPackages" "basename" ".rs.getCompletionsPackages" "Reduce" "<Anonymous>" 
"unique" "union" ".rs.getCompletionsPackages" "Reduce" "<Anonymous>" 
"lapply" ".rs.objectsOnSearchPath" ".rs.getCompletionsSearchPath" "Reduce" "<Anonymous>" 
"nchar" ".rs.startsWith" ".rs.fuzzyMatches" ".rs.getCompletionsSearchPath" "Reduce" "<Anonymous>" 
".rs.makeCompletions" ".rs.getCompletionsPackages" "Reduce" "<Anonymous>" 
"FUN" "lapply" ".rs.objectsOnSearchPath" ".rs.getCompletionsSearchPath" "Reduce" "<Anonymous>" 
".rs.startsWith" ".rs.fuzzyMatches" ".rs.getCompletionsSearchPath" "Reduce" "<Anonymous>" 
"lapply" "unlist" ".rs.getCompletionsSearchPath" "Reduce" "<Anonymous>" 
".rs.scalar" ".rs.makeCompletions" ".rs.getCompletionsActiveFrame" "Reduce" "<Anonymous>" 
"FUN" "lapply" ".rs.objectsOnSearchPath" ".rs.getCompletionsSearchPath" "Reduce" "<Anonymous>" 
".rs.fuzzyMatches" ".rs.getCompletionsSearchPath" "Reduce" "<Anonymous>" 
".rs.makeCompletions" ".rs.getCompletionsPackages" "Reduce" "<Anonymous>" 
"FUN" "lapply" ".rs.objectsOnSearchPath" ".rs.getCompletionsSearchPath" "Reduce" "<Anonymous>" 
".rs.startsWith" ".rs.fuzzyMatches" ".rs.getCompletionsSearchPath" "Reduce" "<Anonymous>" 
".rs.startsWith" ".rs.fuzzyMatches" ".rs.getCompletionsSearchPath" "Reduce" "<Anonymous>" 
".rs.getCompletionsSearchPath" "Reduce" "<Anonymous>" 
"lapply" ".rs.objectsOnSearchPath" ".rs.getCompletionsSearchPath" "Reduce" "<Anonymous>" 
"nchar" ".rs.startsWith" ".rs.fuzzyMatches" ".rs.getCompletionsSearchPath" "Reduce" "<Anonymous>" 
"duplicated" "which" "as.vector" "unique" "intersect" ".rs.appendCompletions" "<Anonymous>" 
"FUN" "lapply" ".rs.objectsOnSearchPath" ".rs.getCompletionsSearchPath" "Reduce" "<Anonymous>" 
"nchar" ".rs.startsWith" ".rs.fuzzyMatches" ".rs.getCompletionsSearchPath" "Reduce" "<Anonymous>" 
".rs.makeCompletions" ".rs.emptyCompletions" ".rs.getCompletionsLibraryContext" ".rs.appendCompletions" ".rs.getRCompletions" ".rs.appendCompletions" "<Anonymous>" 
"Reduce" "<Anonymous>" 
"FUN" "lapply" ".rs.objectsOnSearchPath" ".rs.getCompletionsSearchPath" "Reduce" "<Anonymous>" 
"nchar" ".rs.startsWith" ".rs.fuzzyMatches" ".rs.getCompletionsSearchPath" "Reduce" "<Anonymous>" 
"paste" "sub" ".rs.doStripSurrounding" ".rs.stripSurrounding" "parse" "doTryCatch" "tryCatchOne" "tryCatchList" "tryCatch" "withCallingHandlers" "quietly" ".rs.getAnywhere" "doTryCatch" "tryCatchOne" "tryCatchList" "tryCatch" ".rs.blackListEvaluationDataTable" ".rs.blackListEvaluation" ".rs.getCompletionsDollar" "<Anonymous>" 
"getExportedValue" "::" ".get_S3_primitive_generics" "tools:::.get_internal_S3_generics" "getKnownS3generics" "utils::getS3method" ".rs.getDollarNamesMethod" ".rs.getCompletionsDollar" "<Anonymous>" 
"FUN" "lapply" ".rs.objectsOnSearchPath" ".rs.getCompletionsSearchPath" "Reduce" "<Anonymous>" 
".rs.fuzzyMatches" ".rs.getCompletionsSearchPath" "Reduce" "<Anonymous>" 
".rs.startsWith" ".rs.fuzzyMatches" ".rs.selectFuzzyMatches" ".rs.getCompletionsPackages" "Reduce" "<Anonymous>" 
".rs.getHelpFromObject" ".rs.getHelpFunction" "<Anonymous>" 
"doTryCatch" "tryCatchOne" "tryCatchList" "tryCatch" ".rs.getHelpFromObject" ".rs.getHelpFunction" "<Anonymous>" 
"doTryCatch" "tryCatchOne" "tryCatchList" "tryCatch" ".rs.getHelpFromObject" ".rs.getHelpFunction" "<Anonymous>" 
"tryCatchOne" "tryCatchList" "tryCatch" ".rs.getHelpFromObject" ".rs.getHelpFunction" "<Anonymous>" 
".rs.getHelpFunction" "<Anonymous>" 
"tryCatchOne" "tryCatchList" "tryCatch" ".rs.getHelpFromObject" ".rs.getHelpFunction" "<Anonymous>" 
"asNamespace" "getExportedValue" "::" "formals" "as.list" ".rs.getHelpFromObject" ".rs.getHelpFunction" "<Anonymous>" 
".rs.getHelpFromObject" ".rs.getHelpFunction" "<Anonymous>" 
"index.search" "utils::help" "eval" "eval" "doTryCatch" "tryCatchOne" "tryCatchList" "tryCatch" ".rs.getHelp" ".rs.getHelpFromObject" ".rs.getHelpFunction" "<Anonymous>" 
"tools:::httpd" "withCallingHandlers" "suppressWarnings" ".rs.getHelp" ".rs.getHelpFromObject" ".rs.getHelpFunction" "<Anonymous>" 
"lazyLoadDBfetch" "fetch" "fun" "lazyLoadDBexec" "tools:::fetchRdDB" "utils:::.getHelpFile" "prepare_Rd" "Rd2HTML" "tools:::httpd" "withCallingHandlers" "suppressWarnings" ".rs.getHelp" ".rs.getHelpFromObject" ".rs.getHelpFunction" "<Anonymous>" 
"mime_canonical_encoding" "paste0" "writeLines" "writeLinesUTF8" "of0" "Rd2HTML" "tools:::httpd" "withCallingHandlers" "suppressWarnings" ".rs.getHelp" ".rs.getHelpFromObject" ".rs.getHelpFunction" "<Anonymous>" 
"isTRUE" "paste0" "FUN" "vapply" "urlify" "paste0" "writeLink" "writeBlock" "writeContent" "writeWrapped" "writeBlock" "writeContent" "writeContent" "writeSection" "Rd2HTML" "tools:::httpd" "withCallingHandlers" "suppressWarnings" ".rs.getHelp" ".rs.getHelpFromObject" ".rs.getHelpFunction" "<Anonymous>" 
"toupper" "paste0" "FUN" "vapply" "urlify" "paste0" "writeLink" "writeBlock" "writeContent" "writeWrapped" "writeBlock" "writeContent" "writeContent" "writeSection" "Rd2HTML" "tools:::httpd" "withCallingHandlers" "suppressWarnings" ".rs.getHelp" ".rs.getHelpFromObject" ".rs.getHelpFunction" "<Anonymous>" 
"RdTags" "writeContent" "writeWrapped" "writeBlock" "writeContent" "writeSection" "Rd2HTML" "tools:::httpd" "withCallingHandlers" "suppressWarnings" ".rs.getHelp" ".rs.getHelpFromObject" ".rs.getHelpFunction" "<Anonymous>" 
"of0" "leavePara" "writeSection" "Rd2HTML" "tools:::httpd" "withCallingHandlers" "suppressWarnings" ".rs.getHelp" ".rs.getHelpFromObject" ".rs.getHelpFunction" "<Anonymous>" 
"addParaBreaks" "writeLines" "writeLinesUTF8" "of1" "writeBlock" "writeContent" "writeSection" "Rd2HTML" "tools:::httpd" "withCallingHandlers" "suppressWarnings" ".rs.getHelp" ".rs.getHelpFromObject" ".rs.getHelpFunction" "<Anonymous>" 
"utils:::getSrcByte" "isBlankLineRd" "addParaBreaks" "writeLines" "writeLinesUTF8" "of1" "writeBlock" "writeContent" "writeHref" "writeLink" "writeBlock" "writeContent" "writeWrapped" "writeBlock" "writeContent" "writeSection" "Rd2HTML" "tools:::httpd" "withCallingHandlers" "suppressWarnings" ".rs.getHelp" ".rs.getHelpFromObject" ".rs.getHelpFunction" "<Anonymous>" 
"writeSection" "Rd2HTML" "tools:::httpd" "withCallingHandlers" "suppressWarnings" ".rs.getHelp" ".rs.getHelpFromObject" ".rs.getHelpFunction" "<Anonymous>" 
"tryCatch" "base::try" "withCallingHandlers" "base::suppressWarnings" 
"value[[3]]" "tryCatchOne" "tryCatchList" "tryCatch" "base::try" "withCallingHandlers" "base::suppressWarnings" 
"FUN" "lapply" ".rs.objectsOnSearchPath" ".rs.getCompletionsSearchPath" "Reduce" "<Anonymous>" 
".rs.fuzzyMatches" ".rs.selectFuzzyMatches" ".rs.getCompletionsPackages" "Reduce" "<Anonymous>" 
".rs.resolveFormalsImpl" "doTryCatch" "tryCatchOne" "tryCatchList" "tryCatch" ".rs.resolveFormals" ".rs.getCompletionsFunction" ".rs.appendCompletions" ".rs.getRCompletions" ".rs.appendCompletions" "<Anonymous>" 
"FUN" "lapply" ".rs.objectsOnSearchPath" ".rs.getCompletionsSearchPath" "Reduce" "<Anonymous>" 
"Reduce" "<Anonymous>" 
".rs.getAnywhere" "<Anonymous>" 
"suppressWarnings" ".rs.getCompletionsDollar" "<Anonymous>" 
"Reduce" "<Anonymous>" 
".rs.startsWith" ".rs.fuzzyMatches" ".rs.selectFuzzyMatches" ".rs.getCompletionsPackages" "Reduce" "<Anonymous>" 
"loadedNamespaces" "%in%" ".rs.isKnitrObject" ".rs.getCompletionsFunction" ".rs.appendCompletions" ".rs.getRCompletions" ".rs.appendCompletions" "<Anonymous>" 
"FUN" "lapply" ".rs.objectsOnSearchPath" ".rs.getCompletionsSearchPath" "Reduce" "<Anonymous>" 
".rs.startsWith" ".rs.fuzzyMatches" ".rs.getCompletionsSearchPath" "Reduce" "<Anonymous>" 
"unique" "intersect" "f" "Reduce" "<Anonymous>" 
"FUN" "lapply" ".rs.objectsOnSearchPath" ".rs.getCompletionsSearchPath" "Reduce" "<Anonymous>" 
"FUN" "lapply" ".rs.objectsOnSearchPath" ".rs.getCompletionsSearchPath" "Reduce" "<Anonymous>" 
"FUN" "vapply" ".rs.getCompletionsSearchPath" "Reduce" "<Anonymous>" 
"asNamespace" "getExportedValue" "::" "identical" ".rs.getCompletionType" "FUN" "vapply" ".rs.getCompletionsSearchPath" "Reduce" "<Anonymous>" 
"is.array" ".rs.getCompletionType" "FUN" "vapply" ".rs.getCompletionsSearchPath" "Reduce" "<Anonymous>" 
"::" "identical" ".rs.getCompletionType" "FUN" "vapply" ".rs.getCompletionsSearchPath" "Reduce" "<Anonymous>" 
"FUN" "vapply" ".rs.getCompletionsSearchPath" "Reduce" "<Anonymous>" 
".rs.fuzzyMatches" ".rs.getCompletionsActiveFrame" "Reduce" "<Anonymous>" 
"FUN" "lapply" ".rs.objectsOnSearchPath" ".rs.getCompletionsSearchPath" "Reduce" "<Anonymous>" 
".rs.startsWith" ".rs.fuzzyMatches" ".rs.getCompletionsSearchPath" "Reduce" "<Anonymous>" 
".rs.emptyCompletions" ".rs.getCompletionsArgument" ".rs.getCompletionsFunction" ".rs.appendCompletions" ".rs.getRCompletions" ".rs.appendCompletions" "<Anonymous>" 
"FUN" "lapply" ".rs.objectsOnSearchPath" ".rs.getCompletionsSearchPath" "Reduce" "<Anonymous>" 
".rs.startsWith" ".rs.fuzzyMatches" ".rs.getCompletionsSearchPath" "Reduce" "<Anonymous>" 
"::" ".rs.resolveObjectFromFunctionCall" ".rs.getCompletionsFunction" ".rs.appendCompletions" ".rs.getRCompletions" ".rs.appendCompletions" "<Anonymous>" 
"FUN" "lapply" ".rs.objectsOnSearchPath" ".rs.getCompletionsSearchPath" "Reduce" "<Anonymous>" 
".rs.doStripSurrounding" ".rs.stripSurrounding" "parse" "doTryCatch" "tryCatchOne" "tryCatchList" "tryCatch" "withCallingHandlers" "quietly" ".rs.getAnywhere" "<Anonymous>" 
"FUN" "lapply" ".rs.objectsOnSearchPath" ".rs.getCompletionsSearchPath" "Reduce" "<Anonymous>" 
".rs.fuzzyMatches" ".rs.getCompletionsSearchPath" "Reduce" "<Anonymous>" 
"setdiff" ".rs.getCompletionsPackages" "Reduce" "<Anonymous>" 
"FUN" "lapply" ".rs.objectsOnSearchPath" ".rs.getCompletionsSearchPath" "Reduce" "<Anonymous>" 
"FUN" "lapply" ".rs.objectsOnSearchPath" ".rs.getCompletionsSearchPath" "Reduce" "<Anonymous>" 
"match.arg" "order" ".rs.getCompletionsSearchPath" "Reduce" "<Anonymous>" 
"FUN" "lapply" ".rs.objectsOnSearchPath" ".rs.getCompletionsSearchPath" "Reduce" "<Anonymous>" 
".rs.formCompletionVector" ".rs.makeCompletions" ".rs.getCompletionsPackages" "Reduce" "<Anonymous>" 
"FUN" "lapply" ".rs.objectsOnSearchPath" ".rs.getCompletionsSearchPath" "Reduce" "<Anonymous>" 
"nchar" ".rs.startsWith" ".rs.fuzzyMatches" ".rs.getCompletionsSearchPath" "Reduce" "<Anonymous>" 
"FUN" "lapply" ".rs.objectsOnSearchPath" ".rs.getCompletionsSearchPath" "Reduce" "<Anonymous>" 
".rs.startsWith" ".rs.fuzzyMatches" ".rs.getCompletionsSearchPath" "Reduce" "<Anonymous>" 
"lapply" ".rs.objectsOnSearchPath" ".rs.getCompletionsSearchPath" "Reduce" "<Anonymous>" 
"vapply" "order" ".rs.getCompletionsSearchPath" "Reduce" "<Anonymous>" 
"<Anonymous>" 
"FUN" "lapply" ".rs.objectsOnSearchPath" ".rs.getCompletionsSearchPath" "Reduce" "<Anonymous>" 
"FUN" "lapply" ".rs.objectsOnSearchPath" ".rs.getCompletionsSearchPath" "Reduce" "<Anonymous>" 
"<Anonymous>" 
".rs.doStripSurrounding" ".rs.stripSurrounding" ".rs.resolveObjectFromFunctionCall" ".rs.getCompletionsArgument" ".rs.getCompletionsFunction" ".rs.appendCompletions" ".rs.getRCompletions" ".rs.appendCompletions" "<Anonymous>" 
"FUN" "lapply" ".rs.objectsOnSearchPath" ".rs.getCompletionsSearchPath" "Reduce" "<Anonymous>" 
".rs.getNAMESPACEImportedSymbols" ".rs.getCompletionsNAMESPACE" "Reduce" "<Anonymous>" 
"FUN" "lapply" ".rs.objectsOnSearchPath" ".rs.getCompletionsSearchPath" "Reduce" "<Anonymous>" 
".rs.getCompletionsSearchPath" "Reduce" "<Anonymous>" 
".rs.isRScriptInPackageBuildTarget" "<Anonymous>" 
"FUN" "lapply" ".rs.objectsOnSearchPath" ".rs.getCompletionsSearchPath" "Reduce" "<Anonymous>" 
".rs.fuzzyMatches" ".rs.getCompletionsSearchPath" "Reduce" "<Anonymous>" 
"FUN" "lapply" ".rs.objectsOnSearchPath" ".rs.getCompletionsSearchPath" "Reduce" "<Anonymous>" 
"nchar" ".rs.startsWith" ".rs.fuzzyMatches" ".rs.getCompletionsSearchPath" "Reduce" "<Anonymous>" 
"simpleError" "tryCatchOne" "tryCatchList" "tryCatch" ".rs.matchCall" ".rs.getCompletionsArgument" ".rs.getCompletionsFunction" ".rs.appendCompletions" ".rs.getRCompletions" ".rs.appendCompletions" "<Anonymous>" 
"FUN" "lapply" ".rs.objectsOnSearchPath" ".rs.getCompletionsSearchPath" "Reduce" "<Anonymous>" 
".rs.getCompletionsFunction" ".rs.appendCompletions" ".rs.getRCompletions" ".rs.appendCompletions" "<Anonymous>" 
"lapply" "unlist" ".rs.getCompletionsSearchPath" "Reduce" "<Anonymous>" 
".rs.startsWith" ".rs.fuzzyMatches" ".rs.getCompletionsSearchPath" "Reduce" "<Anonymous>" 
"srcfilecopy" "parse" "doTryCatch" "tryCatchOne" "tryCatchList" "tryCatch" "<Anonymous>" 
"FUN" "lapply" ".rs.objectsOnSearchPath" ".rs.getCompletionsSearchPath" "Reduce" "<Anonymous>" 
".rs.startsWith" ".rs.fuzzyMatches" ".rs.getCompletionsSearchPath" "Reduce" "<Anonymous>" 
".rs.startsWith" ".rs.fuzzyMatches" ".rs.getCompletionsSearchPath" "Reduce" "<Anonymous>" 
".rs.getCompletionsArgument" ".rs.getCompletionsFunction" ".rs.appendCompletions" ".rs.getRCompletions" ".rs.appendCompletions" "<Anonymous>" 
"unlist" ".rs.getCompletionsSearchPath" "Reduce" "<Anonymous>" 
".rs.startsWith" ".rs.fuzzyMatches" ".rs.getCompletionsSearchPath" "Reduce" "<Anonymous>" 
"doTryCatch" "tryCatchOne" "tryCatchList" "tryCatch" "<Anonymous>" 
"doTryCatch" "tryCatchOne" "tryCatchList" "tryCatch" "<Anonymous>" 
"grDevices::recordPlot" "<Anonymous>" 
"doTryCatch" "tryCatchOne" "tryCatchList" "tryCatch" "<Anonymous>" 
".rs.stripSurrounding" "parse" "doTryCatch" "tryCatchOne" "tryCatchList" "tryCatch" "withCallingHandlers" "quietly" ".rs.getAnywhere" "withCallingHandlers" "doTryCatch" "tryCatchOne" "tryCatchList" "tryCatch" ".rs.tryCatch" ".rs.resolveObjectFromFunctionCall" ".rs.getCompletionsFunction" ".rs.appendCompletions" ".rs.getRCompletions" ".rs.appendCompletions" "<Anonymous>" 
"FUN" "lapply" ".rs.objectsOnSearchPath" ".rs.getCompletionsSearchPath" "Reduce" "<Anonymous>" 
"lapply" "unlist" ".rs.getCompletionsSearchPath" "Reduce" "<Anonymous>" 
".rs.isRScriptInPackageBuildTarget" "<Anonymous>" 
"lapply" ".rs.objectsOnSearchPath" ".rs.getCompletionsSearchPath" "Reduce" "<Anonymous>" 
".rs.startsWith" ".rs.fuzzyMatches" ".rs.getCompletionsSearchPath" "Reduce" "<Anonymous>" 
"duplicated" "which" "as.vector" "unique" "intersect" "f" "Reduce" "<Anonymous>" 
"FUN" "lapply" ".rs.objectsOnSearchPath" ".rs.getCompletionsSearchPath" "Reduce" "<Anonymous>" 
"nchar" ".rs.startsWith" ".rs.fuzzyMatches" ".rs.getCompletionsSearchPath" "Reduce" "<Anonymous>" 
"FUN" "lapply" ".rs.objectsOnSearchPath" ".rs.getCompletionsSearchPath" "Reduce" "<Anonymous>" 
"FUN" "lapply" ".rs.objectsOnSearchPath" ".rs.getCompletionsSearchPath" "Reduce" "<Anonymous>" 
".rs.fuzzyMatches" ".rs.getCompletionsSearchPath" "Reduce" "<Anonymous>" 
"::" ".rs.resolveObjectFromFunctionCall" ".rs.getCompletionsArgument" ".rs.appendCompletions" ".rs.getRCompletions" ".rs.appendCompletions" "<Anonymous>" 
"FUN" "lapply" ".rs.objectsOnSearchPath" ".rs.getCompletionsSearchPath" "Reduce" "<Anonymous>" 
"nchar" ".rs.startsWith" ".rs.fuzzyMatches" ".rs.getCompletionsSearchPath" "Reduce" "<Anonymous>" 
".rs.objectsOnSearchPath" ".rs.getCompletionsSearchPath" "Reduce" "<Anonymous>" 
"FUN" "lapply" ".rs.objectsOnSearchPath" ".rs.getCompletionsSearchPath" "Reduce" "<Anonymous>" 
"order" ".rs.getCompletionsSearchPath" "Reduce" "<Anonymous>" 
"<Anonymous>" 
"FUN" "lapply" ".rs.objectsOnSearchPath" ".rs.getCompletionsSearchPath" "Reduce" "<Anonymous>" 
".rs.startsWith" ".rs.fuzzyMatches" ".rs.getCompletionsSearchPath" "Reduce" "<Anonymous>" 
"getExportedValue" "::" "withCallingHandlers" "base::suppressWarnings" 
".rs.makeCompletions" ".rs.appendCompletions" ".rs.getCompletionsFunction" ".rs.appendCompletions" ".rs.getRCompletions" ".rs.appendCompletions" "<Anonymous>" 
"nchar" ".rs.startsWith" ".rs.fuzzyMatches" ".rs.getCompletionsSearchPath" "Reduce" "<Anonymous>" 
"FUN" "lapply" ".rs.objectsOnSearchPath" ".rs.getCompletionsSearchPath" "Reduce" "<Anonymous>" 
".rs.fuzzyMatches" ".rs.getCompletionsSearchPath" "Reduce" "<Anonymous>" 
"FUN" "lapply" ".rs.objectsOnSearchPath" ".rs.getCompletionsSearchPath" "Reduce" "<Anonymous>" 
".rs.startsWith" ".rs.fuzzyMatches" ".rs.getCompletionsSearchPath" "Reduce" "<Anonymous>" 
"FUN" "lapply" ".rs.objectsOnSearchPath" ".rs.getCompletionsSearchPath" "Reduce" "<Anonymous>" 
"nchar" ".rs.startsWith" ".rs.fuzzyMatches" ".rs.getCompletionsSearchPath" "Reduce" "<Anonymous>" 
"FUN" "lapply" ".rs.objectsOnSearchPath" ".rs.getCompletionsSearchPath" "Reduce" "<Anonymous>" 
"FUN" "lapply" ".rs.objectsOnSearchPath" ".rs.getCompletionsSearchPath" "Reduce" "<Anonymous>" 
".rs.getCompletionsSearchPath" "Reduce" "<Anonymous>" 
"duplicated" "which" "as.vector" "unique" "intersect" ".rs.appendCompletions" ".rs.getRCompletions" ".rs.appendCompletions" "<Anonymous>" 
".rs.fuzzyMatches" ".rs.getCompletionsSearchPath" "Reduce" "<Anonymous>" 
".rs.startsWith" ".rs.getCompletionsSearchPath" "Reduce" "<Anonymous>" 
".rs.startsWith" ".rs.fuzzyMatches" ".rs.getCompletionsSearchPath" "Reduce" "<Anonymous>" 
"Reduce" "<Anonymous>" 
".rs.formCompletionVector" ".rs.makeCompletions" ".rs.emptyCompletions" ".rs.getCompletionsLibraryContext" ".rs.appendCompletions" ".rs.getRCompletions" ".rs.appendCompletions" "<Anonymous>" 
"FUN" "lapply" ".rs.objectsOnSearchPath" ".rs.getCompletionsSearchPath" "Reduce" "<Anonymous>" 
".rs.startsWith" ".rs.fuzzyMatches" ".rs.getCompletionsSearchPath" "Reduce" "<Anonymous>" 
"::" 
"FUN" "lapply" ".rs.objectsOnSearchPath" ".rs.getCompletionsSearchPath" "Reduce" "<Anonymous>" 
"nchar" ".rs.startsWith" ".rs.fuzzyMatches" ".rs.getCompletionsSearchPath" "Reduce" "<Anonymous>" 
".rs.getCompletionsArgument" ".rs.getCompletionsFunction" ".rs.appendCompletions" ".rs.getRCompletions" ".rs.appendCompletions" "<Anonymous>" 
"FUN" "lapply" ".rs.objectsOnSearchPath" ".rs.getCompletionsSearchPath" "Reduce" "<Anonymous>" 
".rs.getCompletionsActiveFrame" "Reduce" "<Anonymous>" 
".rs.objectsOnSearchPath" ".rs.getCompletionsSearchPath" "Reduce" "<Anonymous>" 
".rs.startsWith" ".rs.fuzzyMatches" ".rs.getCompletionsSearchPath" "Reduce" "<Anonymous>" 
"<Anonymous>" 
"<Anonymous>" 
"<Anonymous>" 
"<Anonymous>" 
"<Anonymous>" 
"<Anonymous>" 
"<Anonymous>" 
"<Anonymous>" 
"<Anonymous>" 
"lapply" ".rs.objectsOnSearchPath" ".rs.getCompletionsSearchPath" "Reduce" "<Anonymous>" 
".rs.getCompletionsSearchPath" "Reduce" "<Anonymous>" 
"lapply" ".rs.objectsOnSearchPath" ".rs.getCompletionsSearchPath" "Reduce" "<Anonymous>" 
"::" 
"profvis" 
"profvis" 
"profvis" 
"profvis" 
"profvis" 
"profvis" 
"profvis" 
"profvis" 
"profvis" 
"profvis" 
"profvis" 
"profvis" 
"profvis" 
"profvis" 
"profvis" 
"profvis" 
"profvis" 
"profvis" 
"profvis" 
"profvis" 
"profvis" 
"profvis" 
"profvis" 
"profvis" 
"profvis" 
"profvis" 
"profvis" 
"profvis" 
"profvis" 
"profvis" 
"profvis" 
"profvis" 
"profvis" 
"profvis" 
"profvis" 
"profvis" 
"profvis" 
"profvis" 
"profvis" 
"profvis" 
"profvis" 
"profvis" 
"profvis" 
"profvis" 
"profvis" 
